0 00000000000000000000000000000000000000000000010000000000001
0 00000000000000000000000000000000000000000000010000000000011
0 00000000000000000000000000000000000000111100010100010001011
0 00000000000000000000000000000000000001000000010100000001011
0 00000000000000000000000000000000000000000000010100000001011
0 11111100111111110011111111111110111110000000110100000001011
0 00000000000000000000000000000000000000000000010100000001011
0 00000000000000000000000000000000000000000000010101000001011
0 00000000000000000000000000000000000000000000010100000001011
0 00000000000000000000000000000000000000000001010100000001011
1 00000000000000000000111111111110000011000100001000101000100
0 00000000000000000000000000000000000000000000010000000000001
0 00000010000000000000000000000000000000000000000000000000000
0 00000000000000001000000000000000000000000000000000000000000
0 00000000000000000000000000000000000000000000000000000000100
0 00000000000000000000000000000000000000000000000000001000100
0 00000000000000000000000000000000000000000000000000000000100
0 00000000000000000000000000000000000000000000001000000100000
0 00000000000000000000000000000000000000000000001000100100000
0 00000000000000000000000000000000000000000000001010100100000
0 00000001000000000000000000000000000000000000001010100100000
0 00000000000000000000000000000000000000000000000000000010000
0 00000000000000000000000000000001000000000000000000000000000
0 00000000000000000000000000000000000000000010000000000000000
0 00000000000000000100000000000000000000000010000000000000000
0 00000000000000000000000000000000000000000010000000000000000
1 00000000000000000001000000000000000000001000000000000000000
0 00000000000000000000000000000000000000000010000000000000000
1 00010000000000000000000000000000000000000000000000000000000
1 00000000000000000000000000000000000000000010000000000000000
1 00000000000000000000000000000000000000000000010000000000000
1 00000111100000000000000000000000000000000000010000000000000
1 00000000000000000000000000000000000000000000010000000000000
1 00000000000000000000000000000000000000000000000000000001000
1 00000000000000000000000000000000000000000000100000000001000
1 00000000000000010000000000000000000000000000100000000001000
1 00000000000000000000000000000000000000000000100000000001000
1 00000000000000000000000000000000000000000000000000000001000
1 00000000000000100000000000000000000000000000000000000000000
1 01000000000000000000000000000000000000000000000000000000000
1 00100000000000000000000000000000000000000000000000000000000
1 00001000000000000000000000000000000000000000000000000000000
1 00000000000000000000000000000000000000000000000000000000001
1 00000000000000000000000000000000000000000000000000000010001
1 00000000000000000000000000000000000000000000000001000010001
1 00000000011000000000000000000000000000000000000001000010001
1 00000000000000000000000000000000000000000000000001000010001
1 00000000000110000000000000000000000000000000000001000010001
1 00000000000000000000000000000000000000000000000001000010001
1 10000000000001000000000000000000000100000000000001000010001
1 00000000000000000000000000000000000000000000000001000010001
1 00000000000000000000000000000000000000000000000000000010001
1 00000000000000000000000000000000000000000000000000000000001
1 00000000000000000000000000000000000000000000000000000000010
1 00000000000000000000000000000000000000000000000000000100010
1 00000000000000000000000000000001111000110000000010010100010
1 00000000000000000000000000000000000000000000000000010100010
2 11110111111000011111111110000000000000001010010000000101001
1 00000000000000001000000000000000000000000000000000010100010
1 00000000000000000000000000000000000000000000000000010100010
1 00000000000000000100000000000000000000000001000000010100010
1 00000000000000000000000000000000000000000000000000010100010
1 00000000000000000000000000000000000000000000000000000000010
1 00000000000000000000000000000000000000000000000100000000000
1 00000000000000000010000000000000000000000000000100000000000
2 00000000000001000000000000000000010000000000000000100000000
1 00000000000000000010000000000000000000000000000100000000000
2 00001000000000000000000000000000010000000000100000100000000
1 00000000000000000010000000000000000000000000000100000000000
2 00000000000000000000000000000000001000100000000000000000000
2 00000000000000100000000001000000001000100000000000000000000
2 00000000000000000000000000000000001000100000000000000000000
2 00000000000000000000000000000000000000100000000000000000000
2 00000000000000000000000000000000000000000100000000000000010
2 00000000000000000000000000000000000000000100000000000010010
2 00000000000000000000000000011111100000000100000010001010010
2 00000000000000000000000000000000000000000100000000001010010
2 00000000000000000000000000000000000000000100001000001010010
2 00000000000000000000000000000000000000000100000000001010010
2 00000000000000000000000000100000000000000100000000001010010
3 11111101111111111111111111111110000000000000001100010001101
2 00000000000000000000000000000000000000000100000000001010010
2 00000000000000000000000000000000000100000100000000001010010
3 00000000000000000000000000000000111111111111100101100011101
2 00000000000000000000000000000000000000000000000000000000100
2 00000000000000000000000000000000000011010000000001010000100
4 00000100001100000000001100000000000000011010100000100001010
2 00000000000000000000000000000000000011010000000001010000100
2 00000000000100000000000000000000000011010000000001010000100
2 00000000000000000000000000000000000011010000000001010000100
2 00000000000000000000000000000000000011010001000001010000100
2 00000000000000000000000000000000000011010000000101010000100
2 00000000000000000000000000000000000011010000000001010000100
2 00000000000000000000000000000000000000000000000000010000100
2 00000000000000000000000000000000000000000000000000000000100
3 00000000000000000000000000000001000000000000000010000000000
3 00000000000000000000000000000001000000000000010010000000000
3 00000000000000000000000000000001000000000000000010000000000
2 00000000000010000000000000000000000000000000000000000000000
3 00000010000000000000000000000000000000000000000000000000000
3 00000000000000000000000000000000000000000000000000000000010
3 00000000000000000000000000000000000000000000000000001000010
4 00000011000000000000000011000000000000000000000000010000001
4 00000000000010000000000000100000010100000000000000010000001
3 00000000000000000000000000000000000000000000000000001000010
3 00000000000000000000000000000000000000000000000000000000010
4 00000000000000000000000000000000000000000100010000001000001
4 00100000000000000000000000000100000000000100010000001000001
4 00000000000000000000000000000000000000000100010000001000001
4 00000000000000000000000000011000000000000100010000001000001
4 00000000000000000000000000000000000000000100010000001000001
3 00000000000000000000000000000000000000000000000000000000010
3 00000000000000000000000000000000000000000000000000000100010
4 00000000000000000000000000000000100000000000000000000100001
3 00000000000000000000000000000000000000000000000000000100010
4 00000000000000000000000000000001000000000000000000000100001
3 00000000000000000000000000000000000000000000000000000100010
4 00000000000000000000000000000010000000000000000000000100001
3 00000000000000000000000000000000000000000000000000000100010
4 00010000000000000000000000000000000000000000000000000100001
3 00000000000000000000000000000000000000000000000000000100010
3 00000000000000000000000000000000000000000000000000000000010
4 00000000000000000000000000000000000000000000000001000010000
4 00000000100000000001000000000000000000000000000001000010000
4 00000000000000000000000000000000000000000000000001000010000
4 10000000000000000010000000000000000000000000000001000010000
4 00000000000000000000000000000000000000000000000001000010000
4 00000000000000000000000000000000000000000000000000000010000
4 00000000010000000000000000000000000000000000000000000010000
4 00000000000000000000000000000000000000000000000000000010000
4 01000000000000000000110000000000000000000000000000000010000
4 00000000000000000000000000000000000000000000000000000010000
4 00000000000000000000000000000000000001100000000000000000000
4 00000000000000000000000000000000000011100000000000000000000
4 00000000000000010000000000000000000011100000000000000000000
4 00000000000000000000000000000000000011100000000000000000000
4 00000000000000100000000000000000000011100000000000000000000
4 00000000000000000000000000000000000011100000000000000000000
4 00001000000000000000000000000000000011100000000000000000000
4 00000000000000000000000000000000000011100000000000000000000
4 00000000000000001100000000000000000011100001000000000000000
4 00000000000000000000000000000000000011100000000000000000000
4 00000000000000000000000000000000000000000000000000000000100
4 00000000000000000000000000000000000000000000000010000000100
4 00000000000001000000000000000000000000000000000010000000100
4 00000000000000000000000000000000000000000000000010000000100
4 00000000000000000000000000000000001000000000000010000000100
4 00000000000000000000000000000000000000000000000010000000100
4 00000000000000000000000000000000000000000000001010000000100
4 00000000000000000000000000000000000000000000000010000000100
4 00000000000000000000000000000000000000000000000110000000100
4 00000000000000000000000000000000000000000000000000000000100
5 00000010000000000000000000000000000000000000000000000001000
4 00000000000000000000000000000000000000000000000000000000100
5 00000000000010000000000000000000000000000000000000000001000
4 00000000000000000000000000000000000000000000000000000000100
5 00000000000001100000000000000000000000000000000000000001000
4 00000000000000000000000000000000000000000000000000000000100
5 00000000000000000000000000000000000000000000000000000000100
5 01000000001000001110000001000000000000000001000000000000100
5 00000000000000000000000000000000000000000000000000000000100
5 00000000000000000000000000000000100000000000000000010000000
5 00000000000000000000000000011000100000000000000000010000000
5 00100000000000000001000000011000100000000000000000010000000
5 00000000000000000000000000011000100000000000000000010000000
5 00000000000000000000000000000000100000000000000000010000000
5 00000000000000000000000000000001000000000000000000100000000
5 00000000000000000000000000000001000000000000001000100000000
5 00000001000000010000000000100001000000000000001000100000000
5 00000000000000000000000000000001000000000000000000100000000
5 00000000000000000000000000000000000000000000000001000000000
5 00000000010000000000000000000000000000000000000001000000000
5 00000000000000000000000000000000000000000000000001000000000
5 10000000000000000000000000000000000000000010000001000000000
5 00000000000000000000000000000000000000000000000001000000000
5 00000000000000000000000000000000000000000000000000000000010
5 00000000000000000000000000000110011111111100000000001110010
5 00000000000000000000000000000000000000000000000000000110010
5 00000000000000000000100000000000000000000000000000000110010
5 00000000000000000000000000000000000000000000000000000110010
5 00010000000000000000000000000000000000000000000000000110010
5 00000000000000000000000000000000000000000000000000000110010
5 00000000000000000000011000000000000000000000000000000110010
5 00000000000000000000000000000000000000000000000000000110010
5 00000000000000000000000000000000000000000000100000000110010
5 00000000000000000000000000000000000000000000000000000110010
5 00001000000100000000000000000000000000000000010000000110010
5 00000000000000000000000000000000000000000000000000000110010
5 00000000000000000000000000000000000000000000000100000110010
5 00000000000000000000000000000000000000000000000000000110010
6 00010000011111000000000000000000000000000000000000010010100
5 00000000000000000000000000000000000000000000000000000110010
5 00000100100000000000000110000000000000000000000000000110010
5 00000000000000000000000000000000000000000000000000000110010
5 00000000000000000000000000000000000000000000000000000010010
5 00000000000000000000000000000000000000000000000000000000010
5 00000000000000000000000000000000000000000000000000000000001
6 00000000000000000000000000000000000000000000000100000000010
6 10000000000000000000000000000000000000000000000100000000010
6 00000000000000000000000000000000000000000000000100000000010
6 01000010000000000100000000000000000000000000000100000000010
6 00000000000000000000000000000000000000000000000100000000010
6 00000000000000000000000000000000100000000000000100000000010
6 00000000000000000011000000000000100000000001000100000000010
6 00000000000000000000000000000000100000000000000100000000010
6 00000000000000000000000000000001100000000000000100000000010
6 00000000000000000000000000000000100000000000000100000000010
6 00000000000000000000000000000000000000000000000100000000010
5 00000000000000000000000000000000000000000000000000000000001
6 00000000000000000000000000000000000000000000001000000000010
6 00000000000000010000000000000000000000000000001000000000010
6 00000000000000000000000000000000000000000000001000000000010
6 00000000000000001000000000000000000000000000001000000000010
6 00000000000000000000000000000000000000000000001000000000010
6 00000000000000000000000000000000000000000010001000000000010
6 00000000000000000000000000000000000000000000001000000000010
6 00000100000000000000000000000000000000000000001000000000010
6 00000000000000000000000000000000000000000000001000000000010
6 00000000000000000000000000000000000000000000101000000000010
6 00000000000000100000000000000000000000000000101000000000010
6 00000000000000000000000000000000000000000000101000000000010
6 00001000000000000000000000000000000000000000101000000000010
6 00000000000000000000000000000000000000000000101000000000010
5 00000000000000000000000000000000000000000000000000000000001
6 00000000000000000000000000000000000000000100000000000001001
6 00000000000000000000000000000000010100010100000000100001001
6 00000000000000000000000000000000010100010100010000100001001
6 00000000000000000000000000000000010100010100000000100001001
6 00000001000000000000000000000110010100010100000000100001001
6 00000000000000000000000000000000010100010100000000100001001
6 00000000000000000000000000000000000000000100000000000001001
6 00000000000000000000000000000000000000000100000000000000001
6 00000000000000000000000000000000001000000100000000000000001
6 00000000100000000000000000000000001000000100000000000000001
6 00000000000000000000000000000000001000000100000000000000001
6 00000000000000000000000000000000000000000100000000000000001
6 00000000000000000000000000000000000000000100000000000100001
6 00000000000000000000000000000000000011101100000001000100001
6 00100000000000000000000000111000000011101100000001000100001
6 00000000000000000000000000000000000011101100000001000100001
6 00000000000000000000000111000000000011101100000001000100001
6 00000000000000000000000000000000000011101100000001000100001
6 00000000000000000000000000000000000000000100000000000000001
5 00000000000000000000000000000000000000000000000010000000000
6 00000000000000000000000000000000000000000000000000001000000
6 00000000000000000000001000000000000000000000000000001000000
6 00000000000000000000000000000000000000000000000000001000000
6 00000000000000000000000000000000000000000000000010000000000
6 00000000000000000000010000000000000000000000000010000000000
6 00000000000000000000000000000000000000000000000010000000000
6 00000000000000000000100000000000000000000000000010000000000
6 00000000000000000000000000000000000000000000000010000000000
7 00000000000000000000000000000000001000000000000000001000000
6 00000000000000000000000000000000000000000000000010000000000
7 00000000000000000000000000000000000000000000000000010001001
7 00000000000000000000000000000000000000011111111000010101111
7 00000000000000000000000000000000000000000000000000010001111
7 00000000000000000000000000000000000010100000000000010001111
7 00000000000000000000000000000000000000000000000000010001111
7 11111000011111100000111111111110110001000000000010010001111
7 00000000000000000000000000000000000100000000000000010001111
7 00000000000000000000000000000000000000000000000000010001111
7 00000011100000001111000000000000000000000000000000010001111
7 00000000000000000000000000000000000000000000000000010001111
7 00000000000000000000000000000000000000000000000001010001111
7 00000000000000000000000000000000000000000000000100110001111
7 00000000000000000000000000000000000000000000000000010001011
7 00000000000000000000000000000000000000000000000000010001001
7 00000000000000000000000000000000000000000000000000000010000
7 00000100000000010000000000000001000000000000000000000010000
7 00000000000000000000000000000000000000000000000000000010000
8 00000000000000000000000000000000010000000000000000100000000
8 00000000000000000000000100000000010000000000000000100000000
8 00000000000000000000000000000000010000000000000000100000000
8 00000000000000000000000010000000010000000000000000100000000
8 00000000000000000000000000000000010000000000000000100000000
8 00000000000000000000000000000000000000000000000000001000000
8 00000000000000000000000000000001000010000000000000001000000
8 00010000000000000000000000000001000010000000000000001000000
8 00000000000000000000000000000001000010000000000000001000000
8 00000000010000000000000000000001000010000000000000001000000
8 00000000000000000000000000000001000010000000000000001000000
8 00000000001000000000000000000001000010000000010000001000000
8 00000000000000000000000000000001000010000000000000001000000
8 00000000000000000000000000000000000001001000000000010000000
8 00000000000000000000000000000000000001001010000000010000000
8 00000000000100000000000000000000000001001010000000010000000
8 00000000000000000000000000000000000001001010000000010000000
8 00000000000010000000000000000000000001001010000000010000000
8 00000000000000000000000000000000000001001010000000010000000
8 00000000000000000000000000000000000100000000000001000000000
8 00100000000000000000000000000000000100000000100001000000000
8 00000000000000000000000000000000000100000000000001000000000
8 00000000000000000000011000000000000100000001000001000000000
8 00000000000000000000000000000000000100000000000001000000000
8 00000000000000000000000000000000000100000000001001000000000
8 00000000000000000000000000010000000100000000001001000000000
8 00000000000000000000000000000000000100000000001001000000000
8 01000000000000000000000000001000000100000000001001000000000
8 00000000000000000000000000000000000100000000001001000000000
8 00000000000000000000000000000000000000000000000000000001000
8 00000000000000000000000000000010001000000000000010000001000
8 10001010000001111100000000000010001000000000000010000001000
8 00000000000000000000000000000010001000000000000010000001000
8 00000000000000000000000000000000000000010000000000000001000
8 00000100100000000000100000100000000000010000000000000001000
8 00000000000000000000000000000000000000010000000000000001000
8 00000000000000000000000001000000000000010000000000000001000
8 00000001000000000011000001000000000000010000000000000001000
8 00000000000000000000000000000000000000000000000000000001000
8 00000000000000000000000000000000000000000100000000000000100
8 00000000000000000000000000000000100000100100000000000010100
8 00000000000000000000000000000000000000000100000100000010100
8 00000000000000000000000000000000000000000100000000000010100
9 00100011000000000001111111110000011010011000000000000000000
8 00000000000000000000000000000000000000000100000000000010100
8 00000000000000000000000000000100000000000100000000000010100
8 00000000000000000000000000000000000000000100000000000000100
8 00000000000000000000000000000000000000000100000000000100100
9 00000000000000000000000000001111001001101000000000000000000
9 00000000000000000000000000000111001001101000000000000000000
9 11011100111111111110000000000111101101101000000000000000000
9 00000000000000000000000000000111001001101000000000000000000
8 00000000000000000000000000000000000000000100000000000000100
